Determining if the pthread_create exist failed with the following output:
Change Dir: /home/su/neo_ws/build/catkin_tools_prebuild/CMakeFiles/CMakeTmp

Run Build Command:"/usr/bin/make" "cmTC_77aa3/fast"
/usr/bin/make -f CMakeFiles/cmTC_77aa3.dir/build.make CMakeFiles/cmTC_77aa3.dir/build
make[1]: Entering directory '/home/su/neo_ws/build/catkin_tools_prebuild/CMakeFiles/CMakeTmp'
Building C object CMakeFiles/cmTC_77aa3.dir/CheckSymbolExists.c.o
/usr/bin/cc     -o CMakeFiles/cmTC_77aa3.dir/CheckSymbolExists.c.o   -c /home/su/neo_ws/build/catkin_tools_prebuild/CMakeFiles/CMakeTmp/CheckSymbolExists.c
Linking C executable cmTC_77aa3
/usr/bin/cmake -E cmake_link_script CMakeFiles/cmTC_77aa3.dir/link.txt --verbose=1
/usr/bin/cc       CMakeFiles/cmTC_77aa3.dir/CheckSymbolExists.c.o  -o cmTC_77aa3 -rdynamic 
CMakeFiles/cmTC_77aa3.dir/CheckSymbolExists.c.o: In function `main':
CheckSymbolExists.c:(.text+0x16): undefined reference to `pthread_create'
collect2: error: ld returned 1 exit status
CMakeFiles/cmTC_77aa3.dir/build.make:97: recipe for target 'cmTC_77aa3' failed
make[1]: *** [cmTC_77aa3] Error 1
make[1]: Leaving directory '/home/su/neo_ws/build/catkin_tools_prebuild/CMakeFiles/CMakeTmp'
Makefile:126: recipe for target 'cmTC_77aa3/fast' failed
make: *** [cmTC_77aa3/fast] Error 2

File /home/su/neo_ws/build/catkin_tools_prebuild/CMakeFiles/CMakeTmp/CheckSymbolExists.c:
/* */
#include <pthread.h>

int main(int argc, char** argv)
{
  (void)argv;
#ifndef pthread_create
  return ((int*)(&pthread_create))[argc];
#else
  (void)argc;
  return 0;
#endif
}

Determining if the function pthread_create exists in the pthreads failed with the following output:
Change Dir: /home/su/neo_ws/build/catkin_tools_prebuild/CMakeFiles/CMakeTmp

Run Build Command:"/usr/bin/make" "cmTC_4623d/fast"
/usr/bin/make -f CMakeFiles/cmTC_4623d.dir/build.make CMakeFiles/cmTC_4623d.dir/build
make[1]: Entering directory '/home/su/neo_ws/build/catkin_tools_prebuild/CMakeFiles/CMakeTmp'
Building C object CMakeFiles/cmTC_4623d.dir/CheckFunctionExists.c.o
/usr/bin/cc    -DCHECK_FUNCTION_EXISTS=pthread_create   -o CMakeFiles/cmTC_4623d.dir/CheckFunctionExists.c.o   -c /usr/share/cmake-3.5/Modules/CheckFunctionExists.c
Linking C executable cmTC_4623d
/usr/bin/cmake -E cmake_link_script CMakeFiles/cmTC_4623d.dir/link.txt --verbose=1
/usr/bin/cc   -DCHECK_FUNCTION_EXISTS=pthread_create    CMakeFiles/cmTC_4623d.dir/CheckFunctionExists.c.o  -o cmTC_4623d -rdynamic -lpthreads 
/usr/bin/ld: cannot find -lpthreads
collect2: error: ld returned 1 exit status
CMakeFiles/cmTC_4623d.dir/build.make:97: recipe for target 'cmTC_4623d' failed
make[1]: *** [cmTC_4623d] Error 1
make[1]: Leaving directory '/home/su/neo_ws/build/catkin_tools_prebuild/CMakeFiles/CMakeTmp'
Makefile:126: recipe for target 'cmTC_4623d/fast' failed
make: *** [cmTC_4623d/fast] Error 2


