[33m[1mCMake Warning[0m at /opt/ros/kinetic/share/cmake_modules/cmake/Modules/FindEigen.cmake:62 (message):
  The FindEigen.cmake Module in the cmake_modules package is deprecated.

  Please use the FindEigen3.cmake Module provided with Eigen.  Change
  instances of find_package(Eigen) to find_package(Eigen3).  Check the
  FindEigen3.cmake Module for the resulting CMake variable names.

[36mCall Stack (most recent call first):[0m
  CMakeLists.txt:6 (find_package)


[33m[1mCMake Warning[0m at /opt/ros/kinetic/share/catkin/cmake/catkin_package.cmake:166 (message):
  catkin_package() DEPENDS on 'boost' but neither 'boost_INCLUDE_DIRS' nor
  'boost_LIBRARIES' is defined.
[36mCall Stack (most recent call first):[0m
  /opt/ros/kinetic/share/catkin/cmake/catkin_package.cmake:102 (_catkin_package)
  CMakeLists.txt:8 (catkin_package)


[33m[1mCMake Warning[0m at /opt/ros/kinetic/share/catkin/cmake/catkin_package.cmake:166 (message):
  catkin_package() DEPENDS on 'eigen' but neither 'eigen_INCLUDE_DIRS' nor
  'eigen_LIBRARIES' is defined.
[36mCall Stack (most recent call first):[0m
  /opt/ros/kinetic/share/catkin/cmake/catkin_package.cmake:102 (_catkin_package)
  CMakeLists.txt:8 (catkin_package)


CMake Warning (dev) at CMakeLists.txt:33 (add_dependencies):
  Policy CMP0046 is not set: Error on non-existent dependency in
  add_dependencies.  Run "cmake --help-policy CMP0046" for policy details.
  Use the cmake_policy command to set the policy and suppress this warning.

  The dependency target "px_comm_gencpp" of target "mavlink_serial_client"
  does not exist.
This warning is for project developers.  Use -Wno-dev to suppress it.

