Determining if the pthread_create exist failed with the following output:
Change Dir: /home/su/neo_ws/build/odom_pkg/CMakeFiles/CMakeTmp

Run Build Command:"/usr/bin/make" "cmTC_86272/fast"
/usr/bin/make -f CMakeFiles/cmTC_86272.dir/build.make CMakeFiles/cmTC_86272.dir/build
make[1]: Entering directory '/home/su/neo_ws/build/odom_pkg/CMakeFiles/CMakeTmp'
Building C object CMakeFiles/cmTC_86272.dir/CheckSymbolExists.c.o
/usr/bin/cc     -o CMakeFiles/cmTC_86272.dir/CheckSymbolExists.c.o   -c /home/su/neo_ws/build/odom_pkg/CMakeFiles/CMakeTmp/CheckSymbolExists.c
Linking C executable cmTC_86272
/usr/bin/cmake -E cmake_link_script CMakeFiles/cmTC_86272.dir/link.txt --verbose=1
/usr/bin/cc       CMakeFiles/cmTC_86272.dir/CheckSymbolExists.c.o  -o cmTC_86272 -rdynamic 
CMakeFiles/cmTC_86272.dir/CheckSymbolExists.c.o: In function `main':
CheckSymbolExists.c:(.text+0x16): undefined reference to `pthread_create'
collect2: error: ld returned 1 exit status
CMakeFiles/cmTC_86272.dir/build.make:97: recipe for target 'cmTC_86272' failed
make[1]: *** [cmTC_86272] Error 1
make[1]: Leaving directory '/home/su/neo_ws/build/odom_pkg/CMakeFiles/CMakeTmp'
Makefile:126: recipe for target 'cmTC_86272/fast' failed
make: *** [cmTC_86272/fast] Error 2

File /home/su/neo_ws/build/odom_pkg/CMakeFiles/CMakeTmp/CheckSymbolExists.c:
/* */
#include <pthread.h>

int main(int argc, char** argv)
{
  (void)argv;
#ifndef pthread_create
  return ((int*)(&pthread_create))[argc];
#else
  (void)argc;
  return 0;
#endif
}

Determining if the function pthread_create exists in the pthreads failed with the following output:
Change Dir: /home/su/neo_ws/build/odom_pkg/CMakeFiles/CMakeTmp

Run Build Command:"/usr/bin/make" "cmTC_fabe1/fast"
/usr/bin/make -f CMakeFiles/cmTC_fabe1.dir/build.make CMakeFiles/cmTC_fabe1.dir/build
make[1]: Entering directory '/home/su/neo_ws/build/odom_pkg/CMakeFiles/CMakeTmp'
Building C object CMakeFiles/cmTC_fabe1.dir/CheckFunctionExists.c.o
/usr/bin/cc    -DCHECK_FUNCTION_EXISTS=pthread_create   -o CMakeFiles/cmTC_fabe1.dir/CheckFunctionExists.c.o   -c /usr/share/cmake-3.5/Modules/CheckFunctionExists.c
Linking C executable cmTC_fabe1
/usr/bin/cmake -E cmake_link_script CMakeFiles/cmTC_fabe1.dir/link.txt --verbose=1
/usr/bin/cc   -DCHECK_FUNCTION_EXISTS=pthread_create    CMakeFiles/cmTC_fabe1.dir/CheckFunctionExists.c.o  -o cmTC_fabe1 -rdynamic -lpthreads 
/usr/bin/ld: cannot find -lpthreads
collect2: error: ld returned 1 exit status
CMakeFiles/cmTC_fabe1.dir/build.make:97: recipe for target 'cmTC_fabe1' failed
make[1]: *** [cmTC_fabe1] Error 1
make[1]: Leaving directory '/home/su/neo_ws/build/odom_pkg/CMakeFiles/CMakeTmp'
Makefile:126: recipe for target 'cmTC_fabe1/fast' failed
make: *** [cmTC_fabe1/fast] Error 2


