Determining if the pthread_create exist failed with the following output:
Change Dir: /home/su/bw_ws/build/px_comm/CMakeFiles/CMakeTmp

Run Build Command:"/usr/bin/make" "cmTC_961b2/fast"
/usr/bin/make -f CMakeFiles/cmTC_961b2.dir/build.make CMakeFiles/cmTC_961b2.dir/build
make[1]: Entering directory '/home/su/bw_ws/build/px_comm/CMakeFiles/CMakeTmp'
Building C object CMakeFiles/cmTC_961b2.dir/CheckSymbolExists.c.o
/usr/bin/cc     -o CMakeFiles/cmTC_961b2.dir/CheckSymbolExists.c.o   -c /home/su/bw_ws/build/px_comm/CMakeFiles/CMakeTmp/CheckSymbolExists.c
Linking C executable cmTC_961b2
/usr/bin/cmake -E cmake_link_script CMakeFiles/cmTC_961b2.dir/link.txt --verbose=1
/usr/bin/cc       CMakeFiles/cmTC_961b2.dir/CheckSymbolExists.c.o  -o cmTC_961b2 -rdynamic 
CMakeFiles/cmTC_961b2.dir/CheckSymbolExists.c.o: In function `main':
CheckSymbolExists.c:(.text+0x16): undefined reference to `pthread_create'
collect2: error: ld returned 1 exit status
CMakeFiles/cmTC_961b2.dir/build.make:97: recipe for target 'cmTC_961b2' failed
make[1]: *** [cmTC_961b2] Error 1
make[1]: Leaving directory '/home/su/bw_ws/build/px_comm/CMakeFiles/CMakeTmp'
Makefile:126: recipe for target 'cmTC_961b2/fast' failed
make: *** [cmTC_961b2/fast] Error 2

File /home/su/bw_ws/build/px_comm/CMakeFiles/CMakeTmp/CheckSymbolExists.c:
/* */
#include <pthread.h>

int main(int argc, char** argv)
{
  (void)argv;
#ifndef pthread_create
  return ((int*)(&pthread_create))[argc];
#else
  (void)argc;
  return 0;
#endif
}

Determining if the function pthread_create exists in the pthreads failed with the following output:
Change Dir: /home/su/bw_ws/build/px_comm/CMakeFiles/CMakeTmp

Run Build Command:"/usr/bin/make" "cmTC_62d0c/fast"
/usr/bin/make -f CMakeFiles/cmTC_62d0c.dir/build.make CMakeFiles/cmTC_62d0c.dir/build
make[1]: Entering directory '/home/su/bw_ws/build/px_comm/CMakeFiles/CMakeTmp'
Building C object CMakeFiles/cmTC_62d0c.dir/CheckFunctionExists.c.o
/usr/bin/cc    -DCHECK_FUNCTION_EXISTS=pthread_create   -o CMakeFiles/cmTC_62d0c.dir/CheckFunctionExists.c.o   -c /usr/share/cmake-3.5/Modules/CheckFunctionExists.c
Linking C executable cmTC_62d0c
/usr/bin/cmake -E cmake_link_script CMakeFiles/cmTC_62d0c.dir/link.txt --verbose=1
/usr/bin/cc   -DCHECK_FUNCTION_EXISTS=pthread_create    CMakeFiles/cmTC_62d0c.dir/CheckFunctionExists.c.o  -o cmTC_62d0c -rdynamic -lpthreads 
/usr/bin/ld: cannot find -lpthreads
collect2: error: ld returned 1 exit status
CMakeFiles/cmTC_62d0c.dir/build.make:97: recipe for target 'cmTC_62d0c' failed
make[1]: *** [cmTC_62d0c] Error 1
make[1]: Leaving directory '/home/su/bw_ws/build/px_comm/CMakeFiles/CMakeTmp'
Makefile:126: recipe for target 'cmTC_62d0c/fast' failed
make: *** [cmTC_62d0c/fast] Error 2


