Determining if the pthread_create exist failed with the following output:
Change Dir: /home/su/neo_ws/build/realsense/CMakeFiles/CMakeTmp

Run Build Command:"/usr/bin/make" "cmTC_830bc/fast"
/usr/bin/make -f CMakeFiles/cmTC_830bc.dir/build.make CMakeFiles/cmTC_830bc.dir/build
make[1]: Entering directory '/home/su/neo_ws/build/realsense/CMakeFiles/CMakeTmp'
Building C object CMakeFiles/cmTC_830bc.dir/CheckSymbolExists.c.o
/usr/bin/cc     -o CMakeFiles/cmTC_830bc.dir/CheckSymbolExists.c.o   -c /home/su/neo_ws/build/realsense/CMakeFiles/CMakeTmp/CheckSymbolExists.c
Linking C executable cmTC_830bc
/usr/bin/cmake -E cmake_link_script CMakeFiles/cmTC_830bc.dir/link.txt --verbose=1
/usr/bin/cc       CMakeFiles/cmTC_830bc.dir/CheckSymbolExists.c.o  -o cmTC_830bc -rdynamic 
CMakeFiles/cmTC_830bc.dir/CheckSymbolExists.c.o: In function `main':
CheckSymbolExists.c:(.text+0x16): undefined reference to `pthread_create'
collect2: error: ld returned 1 exit status
CMakeFiles/cmTC_830bc.dir/build.make:97: recipe for target 'cmTC_830bc' failed
make[1]: *** [cmTC_830bc] Error 1
make[1]: Leaving directory '/home/su/neo_ws/build/realsense/CMakeFiles/CMakeTmp'
Makefile:126: recipe for target 'cmTC_830bc/fast' failed
make: *** [cmTC_830bc/fast] Error 2

File /home/su/neo_ws/build/realsense/CMakeFiles/CMakeTmp/CheckSymbolExists.c:
/* */
#include <pthread.h>

int main(int argc, char** argv)
{
  (void)argv;
#ifndef pthread_create
  return ((int*)(&pthread_create))[argc];
#else
  (void)argc;
  return 0;
#endif
}

Determining if the function pthread_create exists in the pthreads failed with the following output:
Change Dir: /home/su/neo_ws/build/realsense/CMakeFiles/CMakeTmp

Run Build Command:"/usr/bin/make" "cmTC_17211/fast"
/usr/bin/make -f CMakeFiles/cmTC_17211.dir/build.make CMakeFiles/cmTC_17211.dir/build
make[1]: Entering directory '/home/su/neo_ws/build/realsense/CMakeFiles/CMakeTmp'
Building C object CMakeFiles/cmTC_17211.dir/CheckFunctionExists.c.o
/usr/bin/cc    -DCHECK_FUNCTION_EXISTS=pthread_create   -o CMakeFiles/cmTC_17211.dir/CheckFunctionExists.c.o   -c /usr/share/cmake-3.5/Modules/CheckFunctionExists.c
Linking C executable cmTC_17211
/usr/bin/cmake -E cmake_link_script CMakeFiles/cmTC_17211.dir/link.txt --verbose=1
/usr/bin/cc   -DCHECK_FUNCTION_EXISTS=pthread_create    CMakeFiles/cmTC_17211.dir/CheckFunctionExists.c.o  -o cmTC_17211 -rdynamic -lpthreads 
/usr/bin/ld: cannot find -lpthreads
collect2: error: ld returned 1 exit status
CMakeFiles/cmTC_17211.dir/build.make:97: recipe for target 'cmTC_17211' failed
make[1]: *** [cmTC_17211] Error 1
make[1]: Leaving directory '/home/su/neo_ws/build/realsense/CMakeFiles/CMakeTmp'
Makefile:126: recipe for target 'cmTC_17211/fast' failed
make: *** [cmTC_17211/fast] Error 2


