Not searching for unused variables given on the command line.
[36m--[0m Using CATKIN_DEVEL_PREFIX: /home/su/bw_ws/devel/.private/RealSense
[36m--[0m Using CMAKE_PREFIX_PATH: /home/su/bw_ws/devel;/opt/ros/kinetic
[36m--[0m This workspace overlays: /home/su/bw_ws/devel;/opt/ros/kinetic
[36m--[0m Found PythonInterp: /usr/bin/python2 (found suitable version "2.7.12", minimum required is "2")
[36m--[0m Using PYTHON_EXECUTABLE: /usr/bin/python2
[36m--[0m Using Debian Python package layout
[36m--[0m Using empy: /usr/bin/empy
[36m--[0m Using CATKIN_ENABLE_TESTING: ON
[36m--[0m Call enable_testing()
[36m--[0m Using CATKIN_TEST_RESULTS_DIR: /home/su/bw_ws/build/RealSense/test_results
[36m--[0m Found gtest sources under '/usr/src/gmock': gtests will be built
[36m--[0m Found gmock sources under '/usr/src/gmock': gmock will be built
[36m--[0m Found PythonInterp: /usr/bin/python2 (found version "2.7.12")
[36m--[0m Using Python nosetests: /usr/bin/nosetests-2.7
[36m--[0m catkin 0.7.29
[36m--[0m BUILD_SHARED_LIBS is on
[31m[1mCMake Error[0m at /home/su/bw_ws/src/RealSense/CMakeLists.txt:12 (target_link_libraries):
  Cannot specify link libraries for target "real_sense_pose" which is not
  built by this project.


[36m--[0m Configuring incomplete, errors occurred!
See also "/home/su/bw_ws/build/RealSense/CMakeFiles/CMakeOutput.log".
See also "/home/su/bw_ws/build/RealSense/CMakeFiles/CMakeError.log".
