[35m[1mScanning dependencies of target _px_comm_generate_messages_check_deps_SetCameraInfo[0m
[35m[1mScanning dependencies of target std_msgs_generate_messages_eus[0m
[35m[1mScanning dependencies of target _px_comm_generate_messages_check_deps_CameraInfo[0m
[35m[1mScanning dependencies of target geometry_msgs_generate_messages_eus[0m
[  0%] Built target std_msgs_generate_messages_eus
[  0%] Built target geometry_msgs_generate_messages_eus
[35m[1mScanning dependencies of target _px_comm_generate_messages_check_deps_Mavlink[0m
[35m[1mScanning dependencies of target _px_comm_generate_messages_check_deps_OpticalFlow[0m
[  0%] Built target _px_comm_generate_messages_check_deps_CameraInfo
[  0%] Built target _px_comm_generate_messages_check_deps_SetCameraInfo
[35m[1mScanning dependencies of target geometry_msgs_generate_messages_py[0m
[35m[1mScanning dependencies of target std_msgs_generate_messages_py[0m
[  0%] Built target _px_comm_generate_messages_check_deps_OpticalFlow
[  0%] Built target _px_comm_generate_messages_check_deps_Mavlink
[  0%] Built target geometry_msgs_generate_messages_py
[  0%] Built target std_msgs_generate_messages_py
[35m[1mScanning dependencies of target geometry_msgs_generate_messages_nodejs[0m
[35m[1mScanning dependencies of target std_msgs_generate_messages_nodejs[0m
[35m[1mScanning dependencies of target std_msgs_generate_messages_lisp[0m
[35m[1mScanning dependencies of target geometry_msgs_generate_messages_lisp[0m
[  0%] Built target geometry_msgs_generate_messages_nodejs
[  0%] Built target std_msgs_generate_messages_nodejs
[  0%] Built target std_msgs_generate_messages_lisp
[  0%] Built target geometry_msgs_generate_messages_lisp
[35m[1mScanning dependencies of target geometry_msgs_generate_messages_cpp[0m
[35m[1mScanning dependencies of target px_comm_generate_messages_eus[0m
[35m[1mScanning dependencies of target px_comm_generate_messages_py[0m
[35m[1mScanning dependencies of target std_msgs_generate_messages_cpp[0m
[  0%] Built target geometry_msgs_generate_messages_cpp
[  4%] [34m[1mGenerating EusLisp code from px_comm/OpticalFlow.msg[0m
[  4%] Built target std_msgs_generate_messages_cpp
[  8%] [34m[1mGenerating Python from MSG px_comm/OpticalFlow[0m
[ 13%] [34m[1mGenerating EusLisp code from px_comm/Mavlink.msg[0m
[ 17%] [34m[1mGenerating Python from MSG px_comm/Mavlink[0m
[ 21%] [34m[1mGenerating EusLisp code from px_comm/CameraInfo.msg[0m
[ 26%] [34m[1mGenerating EusLisp code from px_comm/SetCameraInfo.srv[0m
[ 30%] [34m[1mGenerating Python from MSG px_comm/CameraInfo[0m
[ 34%] [34m[1mGenerating Python code from SRV px_comm/SetCameraInfo[0m
[ 39%] [34m[1mGenerating EusLisp manifest code for px_comm[0m
[35m[1mScanning dependencies of target px_comm_generate_messages_nodejs[0m
[ 43%] [34m[1mGenerating Javascript code from px_comm/OpticalFlow.msg[0m
[ 47%] [34m[1mGenerating Javascript code from px_comm/Mavlink.msg[0m
[ 52%] [34m[1mGenerating Javascript code from px_comm/CameraInfo.msg[0m
[ 56%] [34m[1mGenerating Python msg __init__.py for px_comm[0m
[ 60%] [34m[1mGenerating Python srv __init__.py for px_comm[0m
WARNING: Package name "AutoBebop" does not follow the naming conventions. It should start with a lower case letter and only contain lower case letters, digits, underscores, and dashes.
[ 65%] [34m[1mGenerating Javascript code from px_comm/SetCameraInfo.srv[0m
[ 65%] Built target px_comm_generate_messages_nodejs
[35m[1mScanning dependencies of target px_comm_generate_messages_cpp[0m
[35m[1mScanning dependencies of target px_comm_generate_messages_lisp[0m
[ 69%] [34m[1mGenerating Lisp code from px_comm/OpticalFlow.msg[0m
[ 73%] [34m[1mGenerating C++ code from px_comm/OpticalFlow.msg[0m
[ 73%] Built target px_comm_generate_messages_py
[ 78%] [34m[1mGenerating Lisp code from px_comm/Mavlink.msg[0m
[ 82%] [34m[1mGenerating C++ code from px_comm/Mavlink.msg[0m
[ 86%] [34m[1mGenerating Lisp code from px_comm/CameraInfo.msg[0m
[ 91%] [34m[1mGenerating Lisp code from px_comm/SetCameraInfo.srv[0m
[ 95%] [34m[1mGenerating C++ code from px_comm/CameraInfo.msg[0m
[ 95%] Built target px_comm_generate_messages_lisp
[100%] [34m[1mGenerating C++ code from px_comm/SetCameraInfo.srv[0m
WARNING: Package name "AutoBebop" does not follow the naming conventions. It should start with a lower case letter and only contain lower case letters, digits, underscores, and dashes.
[100%] Built target px_comm_generate_messages_cpp
[100%] Built target px_comm_generate_messages_eus
[35m[1mScanning dependencies of target px_comm_generate_messages[0m
[100%] Built target px_comm_generate_messages
