Symlinking /home/su/neo_ws/devel/share/px_comm/cmake/px_comm-msg-extras.cmake
Symlinking /home/su/neo_ws/devel/share/px_comm/cmake/px_commConfig-version.cmake
Symlinking /home/su/neo_ws/devel/share/px_comm/cmake/px_comm-msg-paths.cmake
Symlinking /home/su/neo_ws/devel/share/px_comm/cmake/px_commConfig.cmake
Symlinking /home/su/neo_ws/devel/share/roseus/ros/px_comm/manifest.l
Symlinking /home/su/neo_ws/devel/share/roseus/ros/px_comm/srv/SetCameraInfo.l
Symlinking /home/su/neo_ws/devel/share/roseus/ros/px_comm/msg/CameraInfo.l
Symlinking /home/su/neo_ws/devel/share/roseus/ros/px_comm/msg/OpticalFlow.l
Symlinking /home/su/neo_ws/devel/share/roseus/ros/px_comm/msg/Mavlink.l
Symlinking /home/su/neo_ws/devel/share/gennodejs/ros/px_comm/_index.js
Symlinking /home/su/neo_ws/devel/share/gennodejs/ros/px_comm/srv/SetCameraInfo.js
Symlinking /home/su/neo_ws/devel/share/gennodejs/ros/px_comm/srv/_index.js
Symlinking /home/su/neo_ws/devel/share/gennodejs/ros/px_comm/msg/Mavlink.js
Symlinking /home/su/neo_ws/devel/share/gennodejs/ros/px_comm/msg/OpticalFlow.js
Symlinking /home/su/neo_ws/devel/share/gennodejs/ros/px_comm/msg/CameraInfo.js
Symlinking /home/su/neo_ws/devel/share/gennodejs/ros/px_comm/msg/_index.js
Symlinking /home/su/neo_ws/devel/share/common-lisp/ros/px_comm/srv/_package_SetCameraInfo.lisp
Symlinking /home/su/neo_ws/devel/share/common-lisp/ros/px_comm/srv/px_comm-srv.asd
Symlinking /home/su/neo_ws/devel/share/common-lisp/ros/px_comm/srv/SetCameraInfo.lisp
Symlinking /home/su/neo_ws/devel/share/common-lisp/ros/px_comm/srv/_package.lisp
Symlinking /home/su/neo_ws/devel/share/common-lisp/ros/px_comm/msg/CameraInfo.lisp
Symlinking /home/su/neo_ws/devel/share/common-lisp/ros/px_comm/msg/OpticalFlow.lisp
Symlinking /home/su/neo_ws/devel/share/common-lisp/ros/px_comm/msg/px_comm-msg.asd
Symlinking /home/su/neo_ws/devel/share/common-lisp/ros/px_comm/msg/_package_OpticalFlow.lisp
Symlinking /home/su/neo_ws/devel/share/common-lisp/ros/px_comm/msg/Mavlink.lisp
Symlinking /home/su/neo_ws/devel/share/common-lisp/ros/px_comm/msg/_package_Mavlink.lisp
Symlinking /home/su/neo_ws/devel/share/common-lisp/ros/px_comm/msg/_package.lisp
Symlinking /home/su/neo_ws/devel/share/common-lisp/ros/px_comm/msg/_package_CameraInfo.lisp
Symlinking /home/su/neo_ws/devel/lib/pkgconfig/px_comm.pc
Symlinking /home/su/neo_ws/devel/lib/python2.7/dist-packages/px_comm/__init__.py
Symlinking /home/su/neo_ws/devel/lib/python2.7/dist-packages/px_comm/srv/__init__.py
Symlinking /home/su/neo_ws/devel/lib/python2.7/dist-packages/px_comm/srv/_SetCameraInfo.py
Symlinking /home/su/neo_ws/devel/lib/python2.7/dist-packages/px_comm/msg/_Mavlink.py
Symlinking /home/su/neo_ws/devel/lib/python2.7/dist-packages/px_comm/msg/_CameraInfo.py
Symlinking /home/su/neo_ws/devel/lib/python2.7/dist-packages/px_comm/msg/__init__.py
Symlinking /home/su/neo_ws/devel/lib/python2.7/dist-packages/px_comm/msg/_OpticalFlow.py
Symlinking /home/su/neo_ws/devel/include/px_comm/CameraInfo.h
Symlinking /home/su/neo_ws/devel/include/px_comm/Mavlink.h
Symlinking /home/su/neo_ws/devel/include/px_comm/OpticalFlow.h
Symlinking /home/su/neo_ws/devel/include/px_comm/SetCameraInfoResponse.h
Symlinking /home/su/neo_ws/devel/include/px_comm/SetCameraInfoRequest.h
Symlinking /home/su/neo_ws/devel/include/px_comm/SetCameraInfo.h
