Linked: (/home/su/bw_ws/devel/.private/px_comm/share/px_comm/cmake/px_comm-msg-extras.cmake, /home/su/bw_ws/devel/share/px_comm/cmake/px_comm-msg-extras.cmake)
Linked: (/home/su/bw_ws/devel/.private/px_comm/share/px_comm/cmake/px_commConfig-version.cmake, /home/su/bw_ws/devel/share/px_comm/cmake/px_commConfig-version.cmake)
Linked: (/home/su/bw_ws/devel/.private/px_comm/share/px_comm/cmake/px_comm-msg-paths.cmake, /home/su/bw_ws/devel/share/px_comm/cmake/px_comm-msg-paths.cmake)
Linked: (/home/su/bw_ws/devel/.private/px_comm/share/px_comm/cmake/px_commConfig.cmake, /home/su/bw_ws/devel/share/px_comm/cmake/px_commConfig.cmake)
Linked: (/home/su/bw_ws/devel/.private/px_comm/share/roseus/ros/px_comm/manifest.l, /home/su/bw_ws/devel/share/roseus/ros/px_comm/manifest.l)
Linked: (/home/su/bw_ws/devel/.private/px_comm/share/roseus/ros/px_comm/srv/SetCameraInfo.l, /home/su/bw_ws/devel/share/roseus/ros/px_comm/srv/SetCameraInfo.l)
Linked: (/home/su/bw_ws/devel/.private/px_comm/share/roseus/ros/px_comm/msg/CameraInfo.l, /home/su/bw_ws/devel/share/roseus/ros/px_comm/msg/CameraInfo.l)
Linked: (/home/su/bw_ws/devel/.private/px_comm/share/roseus/ros/px_comm/msg/OpticalFlow.l, /home/su/bw_ws/devel/share/roseus/ros/px_comm/msg/OpticalFlow.l)
Linked: (/home/su/bw_ws/devel/.private/px_comm/share/roseus/ros/px_comm/msg/Mavlink.l, /home/su/bw_ws/devel/share/roseus/ros/px_comm/msg/Mavlink.l)
Linked: (/home/su/bw_ws/devel/.private/px_comm/share/gennodejs/ros/px_comm/_index.js, /home/su/bw_ws/devel/share/gennodejs/ros/px_comm/_index.js)
Linked: (/home/su/bw_ws/devel/.private/px_comm/share/gennodejs/ros/px_comm/srv/SetCameraInfo.js, /home/su/bw_ws/devel/share/gennodejs/ros/px_comm/srv/SetCameraInfo.js)
Linked: (/home/su/bw_ws/devel/.private/px_comm/share/gennodejs/ros/px_comm/srv/_index.js, /home/su/bw_ws/devel/share/gennodejs/ros/px_comm/srv/_index.js)
Linked: (/home/su/bw_ws/devel/.private/px_comm/share/gennodejs/ros/px_comm/msg/Mavlink.js, /home/su/bw_ws/devel/share/gennodejs/ros/px_comm/msg/Mavlink.js)
Linked: (/home/su/bw_ws/devel/.private/px_comm/share/gennodejs/ros/px_comm/msg/OpticalFlow.js, /home/su/bw_ws/devel/share/gennodejs/ros/px_comm/msg/OpticalFlow.js)
Linked: (/home/su/bw_ws/devel/.private/px_comm/share/gennodejs/ros/px_comm/msg/CameraInfo.js, /home/su/bw_ws/devel/share/gennodejs/ros/px_comm/msg/CameraInfo.js)
Linked: (/home/su/bw_ws/devel/.private/px_comm/share/gennodejs/ros/px_comm/msg/_index.js, /home/su/bw_ws/devel/share/gennodejs/ros/px_comm/msg/_index.js)
Linked: (/home/su/bw_ws/devel/.private/px_comm/share/common-lisp/ros/px_comm/srv/_package_SetCameraInfo.lisp, /home/su/bw_ws/devel/share/common-lisp/ros/px_comm/srv/_package_SetCameraInfo.lisp)
Linked: (/home/su/bw_ws/devel/.private/px_comm/share/common-lisp/ros/px_comm/srv/px_comm-srv.asd, /home/su/bw_ws/devel/share/common-lisp/ros/px_comm/srv/px_comm-srv.asd)
Linked: (/home/su/bw_ws/devel/.private/px_comm/share/common-lisp/ros/px_comm/srv/SetCameraInfo.lisp, /home/su/bw_ws/devel/share/common-lisp/ros/px_comm/srv/SetCameraInfo.lisp)
Linked: (/home/su/bw_ws/devel/.private/px_comm/share/common-lisp/ros/px_comm/srv/_package.lisp, /home/su/bw_ws/devel/share/common-lisp/ros/px_comm/srv/_package.lisp)
Linked: (/home/su/bw_ws/devel/.private/px_comm/share/common-lisp/ros/px_comm/msg/CameraInfo.lisp, /home/su/bw_ws/devel/share/common-lisp/ros/px_comm/msg/CameraInfo.lisp)
Linked: (/home/su/bw_ws/devel/.private/px_comm/share/common-lisp/ros/px_comm/msg/OpticalFlow.lisp, /home/su/bw_ws/devel/share/common-lisp/ros/px_comm/msg/OpticalFlow.lisp)
Linked: (/home/su/bw_ws/devel/.private/px_comm/share/common-lisp/ros/px_comm/msg/px_comm-msg.asd, /home/su/bw_ws/devel/share/common-lisp/ros/px_comm/msg/px_comm-msg.asd)
Linked: (/home/su/bw_ws/devel/.private/px_comm/share/common-lisp/ros/px_comm/msg/_package_OpticalFlow.lisp, /home/su/bw_ws/devel/share/common-lisp/ros/px_comm/msg/_package_OpticalFlow.lisp)
Linked: (/home/su/bw_ws/devel/.private/px_comm/share/common-lisp/ros/px_comm/msg/Mavlink.lisp, /home/su/bw_ws/devel/share/common-lisp/ros/px_comm/msg/Mavlink.lisp)
Linked: (/home/su/bw_ws/devel/.private/px_comm/share/common-lisp/ros/px_comm/msg/_package_Mavlink.lisp, /home/su/bw_ws/devel/share/common-lisp/ros/px_comm/msg/_package_Mavlink.lisp)
Linked: (/home/su/bw_ws/devel/.private/px_comm/share/common-lisp/ros/px_comm/msg/_package.lisp, /home/su/bw_ws/devel/share/common-lisp/ros/px_comm/msg/_package.lisp)
Linked: (/home/su/bw_ws/devel/.private/px_comm/share/common-lisp/ros/px_comm/msg/_package_CameraInfo.lisp, /home/su/bw_ws/devel/share/common-lisp/ros/px_comm/msg/_package_CameraInfo.lisp)
Linked: (/home/su/bw_ws/devel/.private/px_comm/lib/pkgconfig/px_comm.pc, /home/su/bw_ws/devel/lib/pkgconfig/px_comm.pc)
Linked: (/home/su/bw_ws/devel/.private/px_comm/lib/python2.7/dist-packages/px_comm/__init__.py, /home/su/bw_ws/devel/lib/python2.7/dist-packages/px_comm/__init__.py)
Linked: (/home/su/bw_ws/devel/.private/px_comm/lib/python2.7/dist-packages/px_comm/srv/__init__.py, /home/su/bw_ws/devel/lib/python2.7/dist-packages/px_comm/srv/__init__.py)
Linked: (/home/su/bw_ws/devel/.private/px_comm/lib/python2.7/dist-packages/px_comm/srv/_SetCameraInfo.py, /home/su/bw_ws/devel/lib/python2.7/dist-packages/px_comm/srv/_SetCameraInfo.py)
Linked: (/home/su/bw_ws/devel/.private/px_comm/lib/python2.7/dist-packages/px_comm/msg/_Mavlink.py, /home/su/bw_ws/devel/lib/python2.7/dist-packages/px_comm/msg/_Mavlink.py)
Linked: (/home/su/bw_ws/devel/.private/px_comm/lib/python2.7/dist-packages/px_comm/msg/_CameraInfo.py, /home/su/bw_ws/devel/lib/python2.7/dist-packages/px_comm/msg/_CameraInfo.py)
Linked: (/home/su/bw_ws/devel/.private/px_comm/lib/python2.7/dist-packages/px_comm/msg/__init__.py, /home/su/bw_ws/devel/lib/python2.7/dist-packages/px_comm/msg/__init__.py)
Linked: (/home/su/bw_ws/devel/.private/px_comm/lib/python2.7/dist-packages/px_comm/msg/_OpticalFlow.py, /home/su/bw_ws/devel/lib/python2.7/dist-packages/px_comm/msg/_OpticalFlow.py)
Linked: (/home/su/bw_ws/devel/.private/px_comm/include/px_comm/CameraInfo.h, /home/su/bw_ws/devel/include/px_comm/CameraInfo.h)
Linked: (/home/su/bw_ws/devel/.private/px_comm/include/px_comm/Mavlink.h, /home/su/bw_ws/devel/include/px_comm/Mavlink.h)
Linked: (/home/su/bw_ws/devel/.private/px_comm/include/px_comm/OpticalFlow.h, /home/su/bw_ws/devel/include/px_comm/OpticalFlow.h)
Linked: (/home/su/bw_ws/devel/.private/px_comm/include/px_comm/SetCameraInfoResponse.h, /home/su/bw_ws/devel/include/px_comm/SetCameraInfoResponse.h)
Linked: (/home/su/bw_ws/devel/.private/px_comm/include/px_comm/SetCameraInfoRequest.h, /home/su/bw_ws/devel/include/px_comm/SetCameraInfoRequest.h)
Linked: (/home/su/bw_ws/devel/.private/px_comm/include/px_comm/SetCameraInfo.h, /home/su/bw_ws/devel/include/px_comm/SetCameraInfo.h)
